-------------------------------------------------------------------------------
Test set: com.student.studentDetails.StudentDetailsApplicationTests
-------------------------------------------------------------------------------
Tests run: 1, Failures: 0, Errors: 1, Skipped: 0, Time elapsed: 6.318 s <<< FAILURE! - in com.student.studentDetails.StudentDetailsApplicationTests
contextLoads  Time elapsed: 0.002 s  <<< ERROR!
java.lang.IllegalStateException: Failed to load ApplicationContext
Caused by: org.springframework.beans.factory.BeanCreationException: Error creating bean with name 'requestMappingHandlerMapping' defined in class path resource [org/springframework/boot/autoconfigure/web/servlet/WebMvcAutoConfiguration$EnableWebMvcConfiguration.class]: Invocation of init method failed; nested exception is java.lang.IllegalStateException: Invalid mapping on handler class [com.student.studentDetails.controller.studentController]: public com.student.studentDetails.response.ApiResponse com.student.studentDetails.controller.studentController.create(com.student.studentDetails.dto.StudentDto)
Caused by: java.lang.IllegalStateException: Invalid mapping on handler class [com.student.studentDetails.controller.studentController]: public com.student.studentDetails.response.ApiResponse com.student.studentDetails.controller.studentController.create(com.student.studentDetails.dto.StudentDto)
Caused by: org.springframework.web.util.pattern.PatternParseException: Expected close capture character after variable name }

